After Effects
April 2014
Archive 2012
Axcel (Deprecated)
BITES
Backup
Colosseum 2017
Colosseum 2018
Colosseum.fcpbundle
Conference 2019
Documents 2012
Documents October 2014
FDP Certificate
Farewell 2018
Fonts.zip
Games
Harry Potter and The Absence of Voldemort
IMG_2261.jpg
IMG_2262.jpg
IMG_2275.jpg
IMG_2355.jpg
IMG_2357.jpg
IMG_2359.jpg
IMG_2361.jpg
IMG_2832.jpg
Kwanzaa - SARA Fest 2017
Melange 2018
MobileSync
NBA Design.zip
PPTs
Physika
Required
Revive
Robotics
Robotics PPT
SARA Website
Software
exfat_linux.sh
migrate.sh
restore.sh
test.sh
